0 info it worked if it ends with ok
1 verbose cli [ '/usr/local/bin/node',
1 verbose cli   '/usr/local/bin/npm',
1 verbose cli   'run-script',
1 verbose cli   'test-single-run' ]
2 info using npm@3.3.12
3 info using node@v5.3.0
4 verbose run-script [ 'pretest-single-run',
4 verbose run-script   'test-single-run',
4 verbose run-script   'posttest-single-run' ]
5 info lifecycle flashcard-spa@0.0.0~pretest-single-run: flashcard-spa@0.0.0
6 silly lifecycle flashcard-spa@0.0.0~pretest-single-run: no script for pretest-single-run, continuing
7 info lifecycle flashcard-spa@0.0.0~test-single-run: flashcard-spa@0.0.0
8 verbose lifecycle flashcard-spa@0.0.0~test-single-run: unsafe-perm in lifecycle true
9 verbose lifecycle flashcard-spa@0.0.0~test-single-run: PATH: /usr/local/lib/node_modules/npm/bin/node-gyp-bin:/Users/nitesis/Documents/FHNW/workspace/workspace-sts-3.7.0.RELEASE/flashcard-spa-ab14/node_modules/.bin:/Applications/MAMP/bin/php/php5.6.7/bin:/usr/bin:/bin:/usr/sbin:/sbin:/usr/local/bin:/opt/X11/bin:/usr/texbin:~/.composer/vendor/bin
10 verbose lifecycle flashcard-spa@0.0.0~test-single-run: CWD: /Users/nitesis/Documents/FHNW/workspace/workspace-sts-3.7.0.RELEASE/flashcard-spa-ab14
11 silly lifecycle flashcard-spa@0.0.0~test-single-run: Args: [ '-c',
11 silly lifecycle   'node node_modules/karma/bin/karma start test/karma.conf.js  --single-run' ]
12 silly lifecycle flashcard-spa@0.0.0~test-single-run: Returned: code: 1  signal: null
13 info lifecycle flashcard-spa@0.0.0~test-single-run: Failed to exec test-single-run script
14 verbose stack Error: flashcard-spa@0.0.0 test-single-run: `node node_modules/karma/bin/karma start test/karma.conf.js  --single-run`
14 verbose stack Exit status 1
14 verbose stack     at EventEmitter.<anonymous> (/usr/local/lib/node_modules/npm/lib/utils/lifecycle.js:232:16)
14 verbose stack     at emitTwo (events.js:87:13)
14 verbose stack     at EventEmitter.emit (events.js:172:7)
14 verbose stack     at ChildProcess.<anonymous> (/usr/local/lib/node_modules/npm/lib/utils/spawn.js:24:14)
14 verbose stack     at emitTwo (events.js:87:13)
14 verbose stack     at ChildProcess.emit (events.js:172:7)
14 verbose stack     at maybeClose (internal/child_process.js:818:16)
14 verbose stack     at Process.ChildProcess._handle.onexit (internal/child_process.js:211:5)
15 verbose pkgid flashcard-spa@0.0.0
16 verbose cwd /Users/nitesis/Documents/FHNW/workspace/workspace-sts-3.7.0.RELEASE/flashcard-spa-ab14
17 error Darwin 13.4.0
18 error argv "/usr/local/bin/node" "/usr/local/bin/npm" "run-script" "test-single-run"
19 error node v5.3.0
20 error npm  v3.3.12
21 error code ELIFECYCLE
22 error flashcard-spa@0.0.0 test-single-run: `node node_modules/karma/bin/karma start test/karma.conf.js  --single-run`
22 error Exit status 1
23 error Failed at the flashcard-spa@0.0.0 test-single-run script 'node node_modules/karma/bin/karma start test/karma.conf.js  --single-run'.
23 error Make sure you have the latest version of node.js and npm installed.
23 error If you do, this is most likely a problem with the flashcard-spa package,
23 error not with npm itself.
23 error Tell the author that this fails on your system:
23 error     node node_modules/karma/bin/karma start test/karma.conf.js  --single-run
23 error You can get their info via:
23 error     npm owner ls flashcard-spa
23 error There is likely additional logging output above.
24 verbose exit [ 1, true ]
