2015-09-16 09:16:07,022 [JavaFX Application Thread] INFO  c.g.t.t.d.PublishedGradleVersions - Gradle version information cache file is not available. Remote download required.
2015-09-16 09:23:03,580 [main] INFO  c.g.t.t.d.PublishedGradleVersions - Gradle version information cache file is not out-of-date. No remote download required.
2015-09-22 09:32:20,426 [main] INFO  c.g.t.t.d.PublishedGradleVersions - Gradle version information cache file is out-of-date. Remote download required.
2015-09-22 21:02:06,377 [main] INFO  c.g.t.t.d.PublishedGradleVersions - Gradle version information cache file is not out-of-date. No remote download required.
2015-09-23 09:53:31,566 [main] INFO  c.g.t.t.d.PublishedGradleVersions - Gradle version information cache file is out-of-date. Remote download required.
2015-09-27 21:35:17,297 [main] INFO  c.g.t.t.d.PublishedGradleVersions - Gradle version information cache file is out-of-date. Remote download required.
2015-09-30 09:40:46,252 [main] INFO  c.g.t.t.d.PublishedGradleVersions - Gradle version information cache file is out-of-date. Remote download required.
2015-09-30 09:42:04,800 [main] ERROR c.g.t.t.d.PublishedGradleVersions - Cannot download published Gradle versions.
java.net.ConnectException: Operation timed out
	at java.net.PlainSocketImpl.socketConnect(Native Method) ~[na:1.8.0_25]
	at java.net.AbstractPlainSocketImpl.doConnect(AbstractPlainSocketImpl.java:345) ~[na:1.8.0_25]
	at java.net.AbstractPlainSocketImpl.connectToAddress(AbstractPlainSocketImpl.java:206) ~[na:1.8.0_25]
	at java.net.AbstractPlainSocketImpl.connect(AbstractPlainSocketImpl.java:188) ~[na:1.8.0_25]
	at java.net.SocksSocketImpl.connect(SocksSocketImpl.java:392) ~[na:1.8.0_25]
	at java.net.Socket.connect(Socket.java:589) ~[na:1.8.0_25]
	at sun.security.ssl.SSLSocketImpl.connect(SSLSocketImpl.java:649) ~[na:1.8.0_25]
	at sun.security.ssl.BaseSSLSocketImpl.connect(BaseSSLSocketImpl.java:173) ~[na:1.8.0_25]
	at sun.net.NetworkClient.doConnect(NetworkClient.java:180) ~[na:1.8.0_25]
	at sun.net.www.http.HttpClient.openServer(HttpClient.java:432) ~[na:1.8.0_25]
	at sun.net.www.http.HttpClient.openServer(HttpClient.java:527) ~[na:1.8.0_25]
	at sun.net.www.protocol.https.HttpsClient.<init>(HttpsClient.java:275) ~[na:1.8.0_25]
	at sun.net.www.protocol.https.HttpsClient.New(HttpsClient.java:371) ~[na:1.8.0_25]
	at sun.net.www.protocol.https.AbstractDelegateHttpsURLConnection.getNewHttpClient(AbstractDelegateHttpsURLConnection.java:191) ~[na:1.8.0_25]
	at sun.net.www.protocol.http.HttpURLConnection.plainConnect0(HttpURLConnection.java:1103) ~[na:1.8.0_25]
	at sun.net.www.protocol.http.HttpURLConnection.plainConnect(HttpURLConnection.java:997) ~[na:1.8.0_25]
	at sun.net.www.protocol.https.AbstractDelegateHttpsURLConnection.connect(AbstractDelegateHttpsURLConnection.java:177) ~[na:1.8.0_25]
	at sun.net.www.protocol.http.HttpURLConnection.getInputStream0(HttpURLConnection.java:1511) ~[na:1.8.0_25]
	at sun.net.www.protocol.http.HttpURLConnection.getInputStream(HttpURLConnection.java:1439) ~[na:1.8.0_25]
	at sun.net.www.protocol.https.HttpsURLConnectionImpl.getInputStream(HttpsURLConnectionImpl.java:254) ~[na:1.8.0_25]
	at java.net.URL.openStream(URL.java:1038) ~[na:1.8.0_25]
	at com.google.common.io.Resources$UrlByteSource.openStream(Resources.java:84) ~[com.google.guava_15.0.0.v201403281430.jar:na]
	at com.google.common.io.ByteSource$AsCharSource.openStream(ByteSource.java:404) ~[com.google.guava_15.0.0.v201403281430.jar:na]
	at com.google.common.io.CharSource.read(CharSource.java:155) ~[com.google.guava_15.0.0.v201403281430.jar:na]
	at com.gradleware.tooling.toolingutils.distribution.PublishedGradleVersions.downloadVersionInformation(PublishedGradleVersions.java:162) [com.gradleware.tooling.utils_0.6.0.v201508271540.jar:na]
	at com.gradleware.tooling.toolingutils.distribution.PublishedGradleVersions.create(PublishedGradleVersions.java:133) [com.gradleware.tooling.utils_0.6.0.v201508271540.jar:na]
	at org.eclipse.buildship.core.util.gradle.PublishedGradleVersionsWrapper.create(PublishedGradleVersionsWrapper.java:40) [org.eclipse.buildship.core_1.0.2.v20150831-1514.jar:na]
	at org.eclipse.buildship.core.util.gradle.PublishedGradleVersionsWrapper.<init>(PublishedGradleVersionsWrapper.java:35) [org.eclipse.buildship.core_1.0.2.v20150831-1514.jar:na]
	at org.eclipse.buildship.core.CorePlugin.createPublishedGradleVersions(CorePlugin.java:151) [org.eclipse.buildship.core_1.0.2.v20150831-1514.jar:na]
	at org.eclipse.buildship.core.CorePlugin.registerServices(CorePlugin.java:125) [org.eclipse.buildship.core_1.0.2.v20150831-1514.jar:na]
	at org.eclipse.buildship.core.CorePlugin.start(CorePlugin.java:95) [org.eclipse.buildship.core_1.0.2.v20150831-1514.jar:na]
	at org.eclipse.osgi.internal.framework.BundleContextImpl$3.run(BundleContextImpl.java:771) [org.eclipse.osgi_3.10.100.v20150529-1857.jar:na]
	at org.eclipse.osgi.internal.framework.BundleContextImpl$3.run(BundleContextImpl.java:1) [org.eclipse.osgi_3.10.100.v20150529-1857.jar:na]
	at java.security.AccessController.doPrivileged(Native Method) [na:1.8.0_25]
	at org.eclipse.osgi.internal.framework.BundleContextImpl.startActivator(BundleContextImpl.java:764) [org.eclipse.osgi_3.10.100.v20150529-1857.jar:na]
	at org.eclipse.osgi.internal.framework.BundleContextImpl.start(BundleContextImpl.java:721) [org.eclipse.osgi_3.10.100.v20150529-1857.jar:na]
	at org.eclipse.osgi.internal.framework.EquinoxBundle.startWorker0(EquinoxBundle.java:941) [org.eclipse.osgi_3.10.100.v20150529-1857.jar:na]
	at org.eclipse.osgi.internal.framework.EquinoxBundle$EquinoxModule.startWorker(EquinoxBundle.java:318) [org.eclipse.osgi_3.10.100.v20150529-1857.jar:na]
	at org.eclipse.osgi.container.Module.doStart(Module.java:571) [org.eclipse.osgi_3.10.100.v20150529-1857.jar:na]
	at org.eclipse.osgi.container.Module.start(Module.java:439) [org.eclipse.osgi_3.10.100.v20150529-1857.jar:na]
	at org.eclipse.osgi.framework.util.SecureAction.start(SecureAction.java:454) [org.eclipse.osgi_3.10.100.v20150529-1857.jar:na]
	at org.eclipse.osgi.internal.hooks.EclipseLazyStarter.postFindLocalClass(EclipseLazyStarter.java:107) [org.eclipse.osgi_3.10.100.v20150529-1857.jar:na]
	at org.eclipse.osgi.internal.loader.classpath.ClasspathManager.findLocalClass(ClasspathManager.java:531) [org.eclipse.osgi_3.10.100.v20150529-1857.jar:na]
	at org.eclipse.osgi.internal.loader.ModuleClassLoader.findLocalClass(ModuleClassLoader.java:324) [org.eclipse.osgi_3.10.100.v20150529-1857.jar:na]
	at org.eclipse.osgi.internal.loader.BundleLoader.findLocalClass(BundleLoader.java:327) [org.eclipse.osgi_3.10.100.v20150529-1857.jar:na]
	at org.eclipse.osgi.internal.loader.sources.SingleSourcePackage.loadClass(SingleSourcePackage.java:36) [org.eclipse.osgi_3.10.100.v20150529-1857.jar:na]
	at org.eclipse.osgi.internal.loader.BundleLoader.findClassInternal(BundleLoader.java:398) [org.eclipse.osgi_3.10.100.v20150529-1857.jar:na]
	at org.eclipse.osgi.internal.loader.BundleLoader.findClass(BundleLoader.java:352) [org.eclipse.osgi_3.10.100.v20150529-1857.jar:na]
	at org.eclipse.osgi.internal.loader.BundleLoader.findClass(BundleLoader.java:344) [org.eclipse.osgi_3.10.100.v20150529-1857.jar:na]
	at org.eclipse.osgi.internal.loader.ModuleClassLoader.loadClass(ModuleClassLoader.java:160) [org.eclipse.osgi_3.10.100.v20150529-1857.jar:na]
	at java.lang.ClassLoader.loadClass(ClassLoader.java:357) [na:1.8.0_25]
	at org.eclipse.buildship.ui.UiPlugin.registerServices(UiPlugin.java:95) [org.eclipse.buildship.ui_1.0.2.v20150831-1514.jar:na]
	at org.eclipse.buildship.ui.UiPlugin.start(UiPlugin.java:73) [org.eclipse.buildship.ui_1.0.2.v20150831-1514.jar:na]
	at org.eclipse.osgi.internal.framework.BundleContextImpl$3.run(BundleContextImpl.java:771) [org.eclipse.osgi_3.10.100.v20150529-1857.jar:na]
	at org.eclipse.osgi.internal.framework.BundleContextImpl$3.run(BundleContextImpl.java:1) [org.eclipse.osgi_3.10.100.v20150529-1857.jar:na]
	at java.security.AccessController.doPrivileged(Native Method) [na:1.8.0_25]
	at org.eclipse.osgi.internal.framework.BundleContextImpl.startActivator(BundleContextImpl.java:764) [org.eclipse.osgi_3.10.100.v20150529-1857.jar:na]
	at org.eclipse.osgi.internal.framework.BundleContextImpl.start(BundleContextImpl.java:721) [org.eclipse.osgi_3.10.100.v20150529-1857.jar:na]
	at org.eclipse.osgi.internal.framework.EquinoxBundle.startWorker0(EquinoxBundle.java:941) [org.eclipse.osgi_3.10.100.v20150529-1857.jar:na]
	at org.eclipse.osgi.internal.framework.EquinoxBundle$EquinoxModule.startWorker(EquinoxBundle.java:318) [org.eclipse.osgi_3.10.100.v20150529-1857.jar:na]
	at org.eclipse.osgi.container.Module.doStart(Module.java:571) [org.eclipse.osgi_3.10.100.v20150529-1857.jar:na]
	at org.eclipse.osgi.container.Module.start(Module.java:439) [org.eclipse.osgi_3.10.100.v20150529-1857.jar:na]
	at org.eclipse.osgi.framework.util.SecureAction.start(SecureAction.java:454) [org.eclipse.osgi_3.10.100.v20150529-1857.jar:na]
	at org.eclipse.osgi.internal.hooks.EclipseLazyStarter.postFindLocalClass(EclipseLazyStarter.java:107) [org.eclipse.osgi_3.10.100.v20150529-1857.jar:na]
	at org.eclipse.osgi.internal.loader.classpath.ClasspathManager.findLocalClass(ClasspathManager.java:531) [org.eclipse.osgi_3.10.100.v20150529-1857.jar:na]
	at org.eclipse.osgi.internal.loader.ModuleClassLoader.findLocalClass(ModuleClassLoader.java:324) [org.eclipse.osgi_3.10.100.v20150529-1857.jar:na]
	at org.eclipse.osgi.internal.loader.BundleLoader.findLocalClass(BundleLoader.java:327) [org.eclipse.osgi_3.10.100.v20150529-1857.jar:na]
	at org.eclipse.osgi.internal.loader.BundleLoader.findClassInternal(BundleLoader.java:402) [org.eclipse.osgi_3.10.100.v20150529-1857.jar:na]
	at org.eclipse.osgi.internal.loader.BundleLoader.findClass(BundleLoader.java:352) [org.eclipse.osgi_3.10.100.v20150529-1857.jar:na]
	at org.eclipse.osgi.internal.loader.BundleLoader.findClass(BundleLoader.java:344) [org.eclipse.osgi_3.10.100.v20150529-1857.jar:na]
	at org.eclipse.osgi.internal.loader.ModuleClassLoader.loadClass(ModuleClassLoader.java:160) [org.eclipse.osgi_3.10.100.v20150529-1857.jar:na]
	at java.lang.ClassLoader.loadClass(ClassLoader.java:357) [na:1.8.0_25]
	at org.eclipse.osgi.internal.framework.EquinoxBundle.loadClass(EquinoxBundle.java:573) [org.eclipse.osgi_3.10.100.v20150529-1857.jar:na]
	at org.eclipse.core.internal.registry.osgi.RegistryStrategyOSGI.createExecutableExtension(RegistryStrategyOSGI.java:174) [org.eclipse.equinox.registry_3.6.0.v20150318-1503.jar:na]
	at org.eclipse.core.internal.registry.ExtensionRegistry.createExecutableExtension(ExtensionRegistry.java:905) [org.eclipse.equinox.registry_3.6.0.v20150318-1503.jar:na]
	at org.eclipse.core.internal.registry.ConfigurationElement.createExecutableExtension(ConfigurationElement.java:243) [org.eclipse.equinox.registry_3.6.0.v20150318-1503.jar:na]
	at org.eclipse.core.internal.registry.ConfigurationElementHandle.createExecutableExtension(ConfigurationElementHandle.java:55) [org.eclipse.equinox.registry_3.6.0.v20150318-1503.jar:na]
	at org.eclipse.ui.internal.console.ConsolePageParticipantExtension.createDelegate(ConsolePageParticipantExtension.java:72) [org.eclipse.ui.console_3.6.0.v20150512-1341.jar:na]
	at org.eclipse.ui.internal.console.ConsoleManager.getPageParticipants(ConsoleManager.java:455) [org.eclipse.ui.console_3.6.0.v20150512-1341.jar:na]
	at org.eclipse.ui.internal.console.ConsoleView.doCreatePage(ConsoleView.java:317) [org.eclipse.ui.console_3.6.0.v20150512-1341.jar:na]
	at org.eclipse.ui.part.PageBookView.createPage(PageBookView.java:422) [org.eclipse.ui.workbench_3.107.0.v20150510-1732.jar:na]
	at org.eclipse.ui.part.PageBookView.partActivated(PageBookView.java:768) [org.eclipse.ui.workbench_3.107.0.v20150510-1732.jar:na]
	at org.eclipse.ui.internal.console.ConsoleView$4.run(ConsoleView.java:398) [org.eclipse.ui.console_3.6.0.v20150512-1341.jar:na]
	at org.eclipse.swt.widgets.RunnableLock.run(RunnableLock.java:35) [org.eclipse.swt.cocoa.macosx.x86_64_3.104.0.v20150528-0211.jar:na]
	at org.eclipse.swt.widgets.Synchronizer.runAsyncMessages(Synchronizer.java:135) [org.eclipse.swt.cocoa.macosx.x86_64_3.104.0.v20150528-0211.jar:na]
	at org.eclipse.swt.widgets.Display.runAsyncMessages(Display.java:4024) [org.eclipse.swt.cocoa.macosx.x86_64_3.104.0.v20150528-0211.jar:na]
	at org.eclipse.swt.widgets.Display.readAndDispatch(Display.java:3700) [org.eclipse.swt.cocoa.macosx.x86_64_3.104.0.v20150528-0211.jar:na]
	at org.eclipse.jface.operation.ModalContext$ModalContextThread.block(ModalContext.java:172) [org.eclipse.jface_3.11.0.v20150602-1400.jar:na]
	at org.eclipse.jface.operation.ModalContext.run(ModalContext.java:387) [org.eclipse.jface_3.11.0.v20150602-1400.jar:na]
	at org.eclipse.jface.wizard.WizardDialog.run(WizardDialog.java:1002) [org.eclipse.jface_3.11.0.v20150602-1400.jar:na]
	at org.eclipse.ui.internal.wizards.datatransfer.WizardProjectsImportPage.createProjects(WizardProjectsImportPage.java:1244) [org.eclipse.ui.ide_3.11.0.v20150510-1749.jar:na]
	at org.eclipse.ui.wizards.datatransfer.ExternalProjectImportWizard.performFinish(ExternalProjectImportWizard.java:117) [org.eclipse.ui.ide_3.11.0.v20150510-1749.jar:na]
	at org.eclipse.jface.wizard.WizardDialog.finishPressed(WizardDialog.java:799) [org.eclipse.jface_3.11.0.v20150602-1400.jar:na]
	at org.eclipse.jface.wizard.WizardDialog.buttonPressed(WizardDialog.java:429) [org.eclipse.jface_3.11.0.v20150602-1400.jar:na]
	at org.eclipse.jface.dialogs.Dialog$2.widgetSelected(Dialog.java:619) [org.eclipse.jface_3.11.0.v20150602-1400.jar:na]
	at org.eclipse.swt.widgets.TypedListener.handleEvent(TypedListener.java:248) [org.eclipse.swt.cocoa.macosx.x86_64_3.104.0.v20150528-0211.jar:na]
	at org.eclipse.swt.widgets.EventTable.sendEvent(EventTable.java:84) [org.eclipse.swt.cocoa.macosx.x86_64_3.104.0.v20150528-0211.jar:na]
	at org.eclipse.swt.widgets.Display.sendEvent(Display.java:4230) [org.eclipse.swt.cocoa.macosx.x86_64_3.104.0.v20150528-0211.jar:na]
	at org.eclipse.swt.widgets.Widget.sendEvent(Widget.java:1491) [org.eclipse.swt.cocoa.macosx.x86_64_3.104.0.v20150528-0211.jar:na]
	at org.eclipse.swt.widgets.Widget.sendEvent(Widget.java:1514) [org.eclipse.swt.cocoa.macosx.x86_64_3.104.0.v20150528-0211.jar:na]
	at org.eclipse.swt.widgets.Widget.sendEvent(Widget.java:1499) [org.eclipse.swt.cocoa.macosx.x86_64_3.104.0.v20150528-0211.jar:na]
	at org.eclipse.swt.widgets.Widget.notifyListeners(Widget.java:1299) [org.eclipse.swt.cocoa.macosx.x86_64_3.104.0.v20150528-0211.jar:na]
	at org.eclipse.swt.widgets.Display.runDeferredEvents(Display.java:4072) [org.eclipse.swt.cocoa.macosx.x86_64_3.104.0.v20150528-0211.jar:na]
	at org.eclipse.swt.widgets.Display.readAndDispatch(Display.java:3698) [org.eclipse.swt.cocoa.macosx.x86_64_3.104.0.v20150528-0211.jar:na]
	at org.eclipse.jface.window.Window.runEventLoop(Window.java:827) [org.eclipse.jface_3.11.0.v20150602-1400.jar:na]
	at org.eclipse.jface.window.Window.open(Window.java:803) [org.eclipse.jface_3.11.0.v20150602-1400.jar:na]
	at org.eclipse.ui.internal.handlers.WizardHandler$Import.executeHandler(WizardHandler.java:158) [org.eclipse.ui.workbench_3.107.0.v20150510-1732.jar:na]
	at org.eclipse.ui.internal.handlers.WizardHandler.execute(WizardHandler.java:290) [org.eclipse.ui.workbench_3.107.0.v20150510-1732.jar:na]
	at org.eclipse.ui.internal.handlers.HandlerProxy.execute(HandlerProxy.java:295) [org.eclipse.ui.workbench_3.107.0.v20150510-1732.jar:na]
	at org.eclipse.ui.internal.handlers.E4HandlerProxy.execute(E4HandlerProxy.java:90) [org.eclipse.ui.workbench_3.107.0.v20150510-1732.jar:na]
	at sun.reflect.NativeMethodAccessorImpl.invoke0(Native Method) ~[na:1.8.0_25]
	at sun.reflect.NativeMethodAccessorImpl.invoke(NativeMethodAccessorImpl.java:62) ~[na:1.8.0_25]
	at sun.reflect.DelegatingMethodAccessorImpl.invoke(DelegatingMethodAccessorImpl.java:43) ~[na:1.8.0_25]
	at java.lang.reflect.Method.invoke(Method.java:483) ~[na:1.8.0_25]
	at org.eclipse.e4.core.internal.di.MethodRequestor.execute(MethodRequestor.java:56) [org.eclipse.e4.core.di_1.5.0.v20150421-2214.jar:na]
	at org.eclipse.e4.core.internal.di.InjectorImpl.invokeUsingClass(InjectorImpl.java:252) [org.eclipse.e4.core.di_1.5.0.v20150421-2214.jar:na]
	at org.eclipse.e4.core.internal.di.InjectorImpl.invoke(InjectorImpl.java:234) [org.eclipse.e4.core.di_1.5.0.v20150421-2214.jar:na]
	at org.eclipse.e4.core.contexts.ContextInjectionFactory.invoke(ContextInjectionFactory.java:132) [org.eclipse.e4.core.contexts_1.4.0.v20150421-2214.jar:na]
	at org.eclipse.e4.core.commands.internal.HandlerServiceHandler.execute(HandlerServiceHandler.java:152) [org.eclipse.e4.core.commands_0.11.0.v20150422-0725.jar:na]
	at org.eclipse.core.commands.Command.executeWithChecks(Command.java:493) [org.eclipse.core.commands_3.7.0.v20150422-0725.jar:na]
	at org.eclipse.core.commands.ParameterizedCommand.executeWithChecks(ParameterizedCommand.java:486) [org.eclipse.core.commands_3.7.0.v20150422-0725.jar:na]
	at org.eclipse.e4.core.commands.internal.HandlerServiceImpl.executeHandler(HandlerServiceImpl.java:210) [org.eclipse.e4.core.commands_0.11.0.v20150422-0725.jar:na]
	at org.eclipse.ui.internal.handlers.LegacyHandlerService.executeCommand(LegacyHandlerService.java:343) [org.eclipse.ui.workbench_3.107.0.v20150510-1732.jar:na]
	at org.eclipse.ui.internal.actions.CommandAction.runWithEvent(CommandAction.java:160) [org.eclipse.ui.workbench_3.107.0.v20150510-1732.jar:na]
	at org.eclipse.jface.action.ActionContributionItem.handleWidgetSelection(ActionContributionItem.java:595) [org.eclipse.jface_3.11.0.v20150602-1400.jar:na]
	at org.eclipse.jface.action.ActionContributionItem.access$2(ActionContributionItem.java:511) [org.eclipse.jface_3.11.0.v20150602-1400.jar:na]
	at org.eclipse.jface.action.ActionContributionItem$5.handleEvent(ActionContributionItem.java:420) [org.eclipse.jface_3.11.0.v20150602-1400.jar:na]
	at org.eclipse.swt.widgets.EventTable.sendEvent(EventTable.java:84) [org.eclipse.swt.cocoa.macosx.x86_64_3.104.0.v20150528-0211.jar:na]
	at org.eclipse.swt.widgets.Display.sendEvent(Display.java:4230) [org.eclipse.swt.cocoa.macosx.x86_64_3.104.0.v20150528-0211.jar:na]
	at org.eclipse.swt.widgets.Widget.sendEvent(Widget.java:1491) [org.eclipse.swt.cocoa.macosx.x86_64_3.104.0.v20150528-0211.jar:na]
	at org.eclipse.swt.widgets.Widget.sendEvent(Widget.java:1514) [org.eclipse.swt.cocoa.macosx.x86_64_3.104.0.v20150528-0211.jar:na]
	at org.eclipse.swt.widgets.Widget.sendEvent(Widget.java:1499) [org.eclipse.swt.cocoa.macosx.x86_64_3.104.0.v20150528-0211.jar:na]
	at org.eclipse.swt.widgets.Widget.notifyListeners(Widget.java:1299) [org.eclipse.swt.cocoa.macosx.x86_64_3.104.0.v20150528-0211.jar:na]
	at org.eclipse.swt.widgets.Display.runDeferredEvents(Display.java:4072) [org.eclipse.swt.cocoa.macosx.x86_64_3.104.0.v20150528-0211.jar:na]
	at org.eclipse.swt.widgets.Display.readAndDispatch(Display.java:3698) [org.eclipse.swt.cocoa.macosx.x86_64_3.104.0.v20150528-0211.jar:na]
	at org.eclipse.e4.ui.internal.workbench.swt.PartRenderingEngine$4.run(PartRenderingEngine.java:1127) [org.eclipse.e4.ui.workbench.swt_0.13.0.v20150504-0621.jar:na]
	at org.eclipse.core.databinding.observable.Realm.runWithDefault(Realm.java:337) [org.eclipse.core.databinding.observable_1.5.0.v20150422-0725.jar:na]
	at org.eclipse.e4.ui.internal.workbench.swt.PartRenderingEngine.run(PartRenderingEngine.java:1018) [org.eclipse.e4.ui.workbench.swt_0.13.0.v20150504-0621.jar:na]
	at org.eclipse.e4.ui.internal.workbench.E4Workbench.createAndRunUI(E4Workbench.java:156) [org.eclipse.e4.ui.workbench_1.3.0.v20150531-1948.jar:na]
	at org.eclipse.ui.internal.Workbench$5.run(Workbench.java:654) [org.eclipse.ui.workbench_3.107.0.v20150510-1732.jar:na]
	at org.eclipse.core.databinding.observable.Realm.runWithDefault(Realm.java:337) [org.eclipse.core.databinding.observable_1.5.0.v20150422-0725.jar:na]
	at org.eclipse.ui.internal.Workbench.createAndRunWorkbench(Workbench.java:598) [org.eclipse.ui.workbench_3.107.0.v20150510-1732.jar:na]
	at org.eclipse.ui.PlatformUI.createAndRunWorkbench(PlatformUI.java:150) [org.eclipse.ui.workbench_3.107.0.v20150510-1732.jar:na]
	at org.eclipse.ui.internal.ide.application.IDEApplication.start(IDEApplication.java:139) [org.eclipse.ui.ide.application_1.1.0.v20150422-0725.jar:na]
	at org.eclipse.equinox.internal.app.EclipseAppHandle.run(EclipseAppHandle.java:196) [org.eclipse.equinox.app_1.3.300.v20150423-1356.jar:na]
	at org.eclipse.core.runtime.internal.adaptor.EclipseAppLauncher.runApplication(EclipseAppLauncher.java:134) [org.eclipse.osgi_3.10.100.v20150529-1857.jar:na]
	at org.eclipse.core.runtime.internal.adaptor.EclipseAppLauncher.start(EclipseAppLauncher.java:104) [org.eclipse.osgi_3.10.100.v20150529-1857.jar:na]
	at org.eclipse.core.runtime.adaptor.EclipseStarter.run(EclipseStarter.java:380) [org.eclipse.osgi_3.10.100.v20150529-1857.jar:na]
	at org.eclipse.core.runtime.adaptor.EclipseStarter.run(EclipseStarter.java:235) [org.eclipse.osgi_3.10.100.v20150529-1857.jar:na]
	at sun.reflect.NativeMethodAccessorImpl.invoke0(Native Method) ~[na:1.8.0_25]
	at sun.reflect.NativeMethodAccessorImpl.invoke(NativeMethodAccessorImpl.java:62) ~[na:1.8.0_25]
	at sun.reflect.DelegatingMethodAccessorImpl.invoke(DelegatingMethodAccessorImpl.java:43) ~[na:1.8.0_25]
	at java.lang.reflect.Method.invoke(Method.java:483) ~[na:1.8.0_25]
	at org.eclipse.equinox.launcher.Main.invokeFramework(Main.java:669) [org.eclipse.equinox.launcher_1.3.100.v20150511-1540.jar:na]
	at org.eclipse.equinox.launcher.Main.basicRun(Main.java:608) [org.eclipse.equinox.launcher_1.3.100.v20150511-1540.jar:na]
	at org.eclipse.equinox.launcher.Main.run(Main.java:1515) [org.eclipse.equinox.launcher_1.3.100.v20150511-1540.jar:na]
2015-09-30 19:08:42,174 [main] INFO  c.g.t.t.d.PublishedGradleVersions - Gradle version information cache file is out-of-date. Remote download required.
2015-09-30 19:08:42,398 [main] ERROR c.g.t.t.d.PublishedGradleVersions - Cannot download published Gradle versions.
java.net.UnknownHostException: services.gradle.org
	at java.net.AbstractPlainSocketImpl.connect(AbstractPlainSocketImpl.java:184) ~[na:1.8.0_25]
	at java.net.SocksSocketImpl.connect(SocksSocketImpl.java:392) ~[na:1.8.0_25]
	at java.net.Socket.connect(Socket.java:589) ~[na:1.8.0_25]
	at sun.security.ssl.SSLSocketImpl.connect(SSLSocketImpl.java:649) ~[na:1.8.0_25]
	at sun.security.ssl.BaseSSLSocketImpl.connect(BaseSSLSocketImpl.java:173) ~[na:1.8.0_25]
	at sun.net.NetworkClient.doConnect(NetworkClient.java:180) ~[na:1.8.0_25]
	at sun.net.www.http.HttpClient.openServer(HttpClient.java:432) ~[na:1.8.0_25]
	at sun.net.www.http.HttpClient.openServer(HttpClient.java:527) ~[na:1.8.0_25]
	at sun.net.www.protocol.https.HttpsClient.<init>(HttpsClient.java:275) ~[na:1.8.0_25]
	at sun.net.www.protocol.https.HttpsClient.New(HttpsClient.java:371) ~[na:1.8.0_25]
	at sun.net.www.protocol.https.AbstractDelegateHttpsURLConnection.getNewHttpClient(AbstractDelegateHttpsURLConnection.java:191) ~[na:1.8.0_25]
	at sun.net.www.protocol.http.HttpURLConnection.plainConnect0(HttpURLConnection.java:1103) ~[na:1.8.0_25]
	at sun.net.www.protocol.http.HttpURLConnection.plainConnect(HttpURLConnection.java:997) ~[na:1.8.0_25]
	at sun.net.www.protocol.https.AbstractDelegateHttpsURLConnection.connect(AbstractDelegateHttpsURLConnection.java:177) ~[na:1.8.0_25]
	at sun.net.www.protocol.http.HttpURLConnection.getInputStream0(HttpURLConnection.java:1511) ~[na:1.8.0_25]
	at sun.net.www.protocol.http.HttpURLConnection.getInputStream(HttpURLConnection.java:1439) ~[na:1.8.0_25]
	at sun.net.www.protocol.https.HttpsURLConnectionImpl.getInputStream(HttpsURLConnectionImpl.java:254) ~[na:1.8.0_25]
	at java.net.URL.openStream(URL.java:1038) ~[na:1.8.0_25]
	at com.google.common.io.Resources$UrlByteSource.openStream(Resources.java:84) ~[com.google.guava_15.0.0.v201403281430.jar:na]
	at com.google.common.io.ByteSource$AsCharSource.openStream(ByteSource.java:404) ~[com.google.guava_15.0.0.v201403281430.jar:na]
	at com.google.common.io.CharSource.read(CharSource.java:155) ~[com.google.guava_15.0.0.v201403281430.jar:na]
	at com.gradleware.tooling.toolingutils.distribution.PublishedGradleVersions.downloadVersionInformation(PublishedGradleVersions.java:162) [com.gradleware.tooling.utils_0.6.0.v201508271540.jar:na]
	at com.gradleware.tooling.toolingutils.distribution.PublishedGradleVersions.create(PublishedGradleVersions.java:133) [com.gradleware.tooling.utils_0.6.0.v201508271540.jar:na]
	at org.eclipse.buildship.core.util.gradle.PublishedGradleVersionsWrapper.create(PublishedGradleVersionsWrapper.java:40) [org.eclipse.buildship.core_1.0.2.v20150831-1514.jar:na]
	at org.eclipse.buildship.core.util.gradle.PublishedGradleVersionsWrapper.<init>(PublishedGradleVersionsWrapper.java:35) [org.eclipse.buildship.core_1.0.2.v20150831-1514.jar:na]
	at org.eclipse.buildship.core.CorePlugin.createPublishedGradleVersions(CorePlugin.java:151) [org.eclipse.buildship.core_1.0.2.v20150831-1514.jar:na]
	at org.eclipse.buildship.core.CorePlugin.registerServices(CorePlugin.java:125) [org.eclipse.buildship.core_1.0.2.v20150831-1514.jar:na]
	at org.eclipse.buildship.core.CorePlugin.start(CorePlugin.java:95) [org.eclipse.buildship.core_1.0.2.v20150831-1514.jar:na]
	at org.eclipse.osgi.internal.framework.BundleContextImpl$3.run(BundleContextImpl.java:771) [org.eclipse.osgi_3.10.100.v20150529-1857.jar:na]
	at org.eclipse.osgi.internal.framework.BundleContextImpl$3.run(BundleContextImpl.java:1) [org.eclipse.osgi_3.10.100.v20150529-1857.jar:na]
	at java.security.AccessController.doPrivileged(Native Method) [na:1.8.0_25]
	at org.eclipse.osgi.internal.framework.BundleContextImpl.startActivator(BundleContextImpl.java:764) [org.eclipse.osgi_3.10.100.v20150529-1857.jar:na]
	at org.eclipse.osgi.internal.framework.BundleContextImpl.start(BundleContextImpl.java:721) [org.eclipse.osgi_3.10.100.v20150529-1857.jar:na]
	at org.eclipse.osgi.internal.framework.EquinoxBundle.startWorker0(EquinoxBundle.java:941) [org.eclipse.osgi_3.10.100.v20150529-1857.jar:na]
	at org.eclipse.osgi.internal.framework.EquinoxBundle$EquinoxModule.startWorker(EquinoxBundle.java:318) [org.eclipse.osgi_3.10.100.v20150529-1857.jar:na]
	at org.eclipse.osgi.container.Module.doStart(Module.java:571) [org.eclipse.osgi_3.10.100.v20150529-1857.jar:na]
	at org.eclipse.osgi.container.Module.start(Module.java:439) [org.eclipse.osgi_3.10.100.v20150529-1857.jar:na]
	at org.eclipse.osgi.framework.util.SecureAction.start(SecureAction.java:454) [org.eclipse.osgi_3.10.100.v20150529-1857.jar:na]
	at org.eclipse.osgi.internal.hooks.EclipseLazyStarter.postFindLocalClass(EclipseLazyStarter.java:107) [org.eclipse.osgi_3.10.100.v20150529-1857.jar:na]
	at org.eclipse.osgi.internal.loader.classpath.ClasspathManager.findLocalClass(ClasspathManager.java:531) [org.eclipse.osgi_3.10.100.v20150529-1857.jar:na]
	at org.eclipse.osgi.internal.loader.ModuleClassLoader.findLocalClass(ModuleClassLoader.java:324) [org.eclipse.osgi_3.10.100.v20150529-1857.jar:na]
	at org.eclipse.osgi.internal.loader.BundleLoader.findLocalClass(BundleLoader.java:327) [org.eclipse.osgi_3.10.100.v20150529-1857.jar:na]
	at org.eclipse.osgi.internal.loader.sources.SingleSourcePackage.loadClass(SingleSourcePackage.java:36) [org.eclipse.osgi_3.10.100.v20150529-1857.jar:na]
	at org.eclipse.osgi.internal.loader.BundleLoader.findClassInternal(BundleLoader.java:398) [org.eclipse.osgi_3.10.100.v20150529-1857.jar:na]
	at org.eclipse.osgi.internal.loader.BundleLoader.findClass(BundleLoader.java:352) [org.eclipse.osgi_3.10.100.v20150529-1857.jar:na]
	at org.eclipse.osgi.internal.loader.BundleLoader.findClass(BundleLoader.java:344) [org.eclipse.osgi_3.10.100.v20150529-1857.jar:na]
	at org.eclipse.osgi.internal.loader.ModuleClassLoader.loadClass(ModuleClassLoader.java:160) [org.eclipse.osgi_3.10.100.v20150529-1857.jar:na]
	at java.lang.ClassLoader.loadClass(ClassLoader.java:357) [na:1.8.0_25]
	at org.eclipse.buildship.ui.UiPlugin.registerServices(UiPlugin.java:95) [org.eclipse.buildship.ui_1.0.2.v20150831-1514.jar:na]
	at org.eclipse.buildship.ui.UiPlugin.start(UiPlugin.java:73) [org.eclipse.buildship.ui_1.0.2.v20150831-1514.jar:na]
	at org.eclipse.osgi.internal.framework.BundleContextImpl$3.run(BundleContextImpl.java:771) [org.eclipse.osgi_3.10.100.v20150529-1857.jar:na]
	at org.eclipse.osgi.internal.framework.BundleContextImpl$3.run(BundleContextImpl.java:1) [org.eclipse.osgi_3.10.100.v20150529-1857.jar:na]
	at java.security.AccessController.doPrivileged(Native Method) [na:1.8.0_25]
	at org.eclipse.osgi.internal.framework.BundleContextImpl.startActivator(BundleContextImpl.java:764) [org.eclipse.osgi_3.10.100.v20150529-1857.jar:na]
	at org.eclipse.osgi.internal.framework.BundleContextImpl.start(BundleContextImpl.java:721) [org.eclipse.osgi_3.10.100.v20150529-1857.jar:na]
	at org.eclipse.osgi.internal.framework.EquinoxBundle.startWorker0(EquinoxBundle.java:941) [org.eclipse.osgi_3.10.100.v20150529-1857.jar:na]
	at org.eclipse.osgi.internal.framework.EquinoxBundle$EquinoxModule.startWorker(EquinoxBundle.java:318) [org.eclipse.osgi_3.10.100.v20150529-1857.jar:na]
	at org.eclipse.osgi.container.Module.doStart(Module.java:571) [org.eclipse.osgi_3.10.100.v20150529-1857.jar:na]
	at org.eclipse.osgi.container.Module.start(Module.java:439) [org.eclipse.osgi_3.10.100.v20150529-1857.jar:na]
	at org.eclipse.osgi.framework.util.SecureAction.start(SecureAction.java:454) [org.eclipse.osgi_3.10.100.v20150529-1857.jar:na]
	at org.eclipse.osgi.internal.hooks.EclipseLazyStarter.postFindLocalClass(EclipseLazyStarter.java:107) [org.eclipse.osgi_3.10.100.v20150529-1857.jar:na]
	at org.eclipse.osgi.internal.loader.classpath.ClasspathManager.findLocalClass(ClasspathManager.java:531) [org.eclipse.osgi_3.10.100.v20150529-1857.jar:na]
	at org.eclipse.osgi.internal.loader.ModuleClassLoader.findLocalClass(ModuleClassLoader.java:324) [org.eclipse.osgi_3.10.100.v20150529-1857.jar:na]
	at org.eclipse.osgi.internal.loader.BundleLoader.findLocalClass(BundleLoader.java:327) [org.eclipse.osgi_3.10.100.v20150529-1857.jar:na]
	at org.eclipse.osgi.internal.loader.BundleLoader.findClassInternal(BundleLoader.java:402) [org.eclipse.osgi_3.10.100.v20150529-1857.jar:na]
	at org.eclipse.osgi.internal.loader.BundleLoader.findClass(BundleLoader.java:352) [org.eclipse.osgi_3.10.100.v20150529-1857.jar:na]
	at org.eclipse.osgi.internal.loader.BundleLoader.findClass(BundleLoader.java:344) [org.eclipse.osgi_3.10.100.v20150529-1857.jar:na]
	at org.eclipse.osgi.internal.loader.ModuleClassLoader.loadClass(ModuleClassLoader.java:160) [org.eclipse.osgi_3.10.100.v20150529-1857.jar:na]
	at java.lang.ClassLoader.loadClass(ClassLoader.java:357) [na:1.8.0_25]
	at org.eclipse.osgi.internal.framework.EquinoxBundle.loadClass(EquinoxBundle.java:573) [org.eclipse.osgi_3.10.100.v20150529-1857.jar:na]
	at org.eclipse.core.internal.registry.osgi.RegistryStrategyOSGI.createExecutableExtension(RegistryStrategyOSGI.java:174) [org.eclipse.equinox.registry_3.6.0.v20150318-1503.jar:na]
	at org.eclipse.core.internal.registry.ExtensionRegistry.createExecutableExtension(ExtensionRegistry.java:905) [org.eclipse.equinox.registry_3.6.0.v20150318-1503.jar:na]
	at org.eclipse.core.internal.registry.ConfigurationElement.createExecutableExtension(ConfigurationElement.java:243) [org.eclipse.equinox.registry_3.6.0.v20150318-1503.jar:na]
	at org.eclipse.core.internal.registry.ConfigurationElementHandle.createExecutableExtension(ConfigurationElementHandle.java:55) [org.eclipse.equinox.registry_3.6.0.v20150318-1503.jar:na]
	at org.eclipse.ui.internal.console.ConsolePageParticipantExtension.createDelegate(ConsolePageParticipantExtension.java:72) [org.eclipse.ui.console_3.6.0.v20150512-1341.jar:na]
	at org.eclipse.ui.internal.console.ConsoleManager.getPageParticipants(ConsoleManager.java:455) [org.eclipse.ui.console_3.6.0.v20150512-1341.jar:na]
	at org.eclipse.ui.internal.console.ConsoleView.doCreatePage(ConsoleView.java:317) [org.eclipse.ui.console_3.6.0.v20150512-1341.jar:na]
	at org.eclipse.ui.part.PageBookView.createPage(PageBookView.java:422) [org.eclipse.ui.workbench_3.107.0.v20150510-1732.jar:na]
	at org.eclipse.ui.part.PageBookView.partActivated(PageBookView.java:768) [org.eclipse.ui.workbench_3.107.0.v20150510-1732.jar:na]
	at org.eclipse.ui.internal.console.ConsoleView$4.run(ConsoleView.java:398) [org.eclipse.ui.console_3.6.0.v20150512-1341.jar:na]
	at org.eclipse.swt.widgets.RunnableLock.run(RunnableLock.java:35) [org.eclipse.swt.cocoa.macosx.x86_64_3.104.0.v20150528-0211.jar:na]
	at org.eclipse.swt.widgets.Synchronizer.runAsyncMessages(Synchronizer.java:135) [org.eclipse.swt.cocoa.macosx.x86_64_3.104.0.v20150528-0211.jar:na]
	at org.eclipse.swt.widgets.Display.runAsyncMessages(Display.java:4024) [org.eclipse.swt.cocoa.macosx.x86_64_3.104.0.v20150528-0211.jar:na]
	at org.eclipse.swt.widgets.Display.readAndDispatch(Display.java:3700) [org.eclipse.swt.cocoa.macosx.x86_64_3.104.0.v20150528-0211.jar:na]
	at org.eclipse.e4.ui.internal.workbench.swt.PartRenderingEngine$4.run(PartRenderingEngine.java:1127) [org.eclipse.e4.ui.workbench.swt_0.13.0.v20150504-0621.jar:na]
	at org.eclipse.core.databinding.observable.Realm.runWithDefault(Realm.java:337) [org.eclipse.core.databinding.observable_1.5.0.v20150422-0725.jar:na]
	at org.eclipse.e4.ui.internal.workbench.swt.PartRenderingEngine.run(PartRenderingEngine.java:1018) [org.eclipse.e4.ui.workbench.swt_0.13.0.v20150504-0621.jar:na]
	at org.eclipse.e4.ui.internal.workbench.E4Workbench.createAndRunUI(E4Workbench.java:156) [org.eclipse.e4.ui.workbench_1.3.0.v20150531-1948.jar:na]
	at org.eclipse.ui.internal.Workbench$5.run(Workbench.java:654) [org.eclipse.ui.workbench_3.107.0.v20150510-1732.jar:na]
	at org.eclipse.core.databinding.observable.Realm.runWithDefault(Realm.java:337) [org.eclipse.core.databinding.observable_1.5.0.v20150422-0725.jar:na]
	at org.eclipse.ui.internal.Workbench.createAndRunWorkbench(Workbench.java:598) [org.eclipse.ui.workbench_3.107.0.v20150510-1732.jar:na]
	at org.eclipse.ui.PlatformUI.createAndRunWorkbench(PlatformUI.java:150) [org.eclipse.ui.workbench_3.107.0.v20150510-1732.jar:na]
	at org.eclipse.ui.internal.ide.application.IDEApplication.start(IDEApplication.java:139) [org.eclipse.ui.ide.application_1.1.0.v20150422-0725.jar:na]
	at org.eclipse.equinox.internal.app.EclipseAppHandle.run(EclipseAppHandle.java:196) [org.eclipse.equinox.app_1.3.300.v20150423-1356.jar:na]
	at org.eclipse.core.runtime.internal.adaptor.EclipseAppLauncher.runApplication(EclipseAppLauncher.java:134) [org.eclipse.osgi_3.10.100.v20150529-1857.jar:na]
	at org.eclipse.core.runtime.internal.adaptor.EclipseAppLauncher.start(EclipseAppLauncher.java:104) [org.eclipse.osgi_3.10.100.v20150529-1857.jar:na]
	at org.eclipse.core.runtime.adaptor.EclipseStarter.run(EclipseStarter.java:380) [org.eclipse.osgi_3.10.100.v20150529-1857.jar:na]
	at org.eclipse.core.runtime.adaptor.EclipseStarter.run(EclipseStarter.java:235) [org.eclipse.osgi_3.10.100.v20150529-1857.jar:na]
	at sun.reflect.NativeMethodAccessorImpl.invoke0(Native Method) ~[na:1.8.0_25]
	at sun.reflect.NativeMethodAccessorImpl.invoke(NativeMethodAccessorImpl.java:62) ~[na:1.8.0_25]
	at sun.reflect.DelegatingMethodAccessorImpl.invoke(DelegatingMethodAccessorImpl.java:43) ~[na:1.8.0_25]
	at java.lang.reflect.Method.invoke(Method.java:483) ~[na:1.8.0_25]
	at org.eclipse.equinox.launcher.Main.invokeFramework(Main.java:669) [org.eclipse.equinox.launcher_1.3.100.v20150511-1540.jar:na]
	at org.eclipse.equinox.launcher.Main.basicRun(Main.java:608) [org.eclipse.equinox.launcher_1.3.100.v20150511-1540.jar:na]
	at org.eclipse.equinox.launcher.Main.run(Main.java:1515) [org.eclipse.equinox.launcher_1.3.100.v20150511-1540.jar:na]
